<?xml version="1.0" encoding="utf-8"?><testsuites name="pytest tests"><testsuite name="pytest" errors="0" failures="3" skipped="0" tests="18" time="192.880" timestamp="2026-07-01T13:18:21.387851+00:00" hostname="agent-env-e2830258-ac81-4885-9e89-4af40d3d01d7"><testcase classname="backend.tests.test_fitforge_api.TestHealth" name="test_root" time="0.313" /><testcase classname="backend.tests.test_fitforge_api.TestOverview" name="test_overview_shape" time="0.085" /><testcase classname="backend.tests.test_fitforge_api.TestPlan" name="test_generate_plan" time="152.737"><failure message="AssertionError: body={&quot;detail&quot;:&quot;Claude returned non-JSON. Try again.&quot;}&#10;assert 500 == 200&#10; +  where 500 = &lt;Response [500]&gt;.status_code">backend/tests/test_fitforge_api.py:134: in test_generate_plan
    assert r.status_code == 200, f"body={r.text[:400]}"
E   AssertionError: body={"detail":"Claude returned non-JSON. Try again."}
E   assert 500 == 200
E    +  where 500 = &lt;Response [500]&gt;.status_code</failure></testcase><testcase classname="backend.tests.test_fitforge_api.TestPlan" name="test_latest_plan" time="0.200"><failure message="AssertionError: Missing plan sections: ['targets', 'meal_plan']&#10;assert not ['targets', 'meal_plan']">backend/tests/test_fitforge_api.py:144: in test_latest_plan
    _validate_plan(data["plan"])
backend/tests/test_fitforge_api.py:94: in _validate_plan
    assert not missing, f"Missing plan sections: {missing}"
E   AssertionError: Missing plan sections: ['targets', 'meal_plan']
E   assert not ['targets', 'meal_plan']</failure></testcase><testcase classname="backend.tests.test_fitforge_api.TestHealthSync" name="test_health_upsert" time="0.172" /><testcase classname="backend.tests.test_fitforge_api.TestWorkouts" name="test_log_workout" time="0.089" /><testcase classname="backend.tests.test_fitforge_api.TestWorkouts" name="test_workouts_today_contains" time="0.079" /><testcase classname="backend.tests.test_fitforge_api.TestWorkouts" name="test_delete_workout" time="0.163" /><testcase classname="backend.tests.test_fitforge_api.TestBloodwork" name="test_upload_image" time="1.463"><failure message="AssertionError: {&quot;detail&quot;:&quot;Bloodwork image analysis failed.&quot;}&#10;assert 500 == 200&#10; +  where 500 = &lt;Response [500]&gt;.status_code">backend/tests/test_fitforge_api.py:243: in test_upload_image
    assert r.status_code == 200, r.text[:400]
E   AssertionError: {"detail":"Bloodwork image analysis failed."}
E   assert 500 == 200
E    +  where 500 = &lt;Response [500]&gt;.status_code</failure></testcase><testcase classname="backend.tests.test_fitforge_api.TestBloodwork" name="test_upload_pdf" time="30.108" /><testcase classname="backend.tests.test_fitforge_api.TestBloodwork" name="test_bloodwork_latest" time="0.152" /><testcase classname="backend.tests.test_fitforge_api.TestBloodwork" name="test_cleanup_bloodwork" time="0.079" /><testcase classname="backend.tests.test_fitforge_api.TestFoodImage" name="test_food_log_image_tiny" time="0.513" /><testcase classname="backend.tests.test_fitforge_api.TestFoodImage" name="test_logs_today_shape" time="0.080" /><testcase classname="backend.tests.test_fitforge_api.TestFoodImage" name="test_cleanup_food" time="0.000" /><testcase classname="backend.tests.test_fitforge_api.TestVoiceEndpoints" name="test_transcribe" time="0.902" /><testcase classname="backend.tests.test_fitforge_api.TestVoiceEndpoints" name="test_checkin_morning" time="2.249" /><testcase classname="backend.tests.test_fitforge_api.TestVoiceEndpoints" name="test_food_log_voice" time="3.358" /></testsuite></testsuites>